Starting Dynare (version 5.0).
Calling Dynare with arguments: none
Starting preprocessing of the model file ...
Found 6 equation(s).
Evaluating expressions...done
Computing static model derivatives (order 1).
Computing dynamic model derivatives (order 2).
Processing outputs ...
done
Preprocessing completed.


STEADY-STATE RESULTS:

c     		 0.829255
n     		 0.333333
u     		 1
k     		 10.5409
z     		 0
theta 		 0

EIGENVALUES:
         Modulus             Real        Imaginary

             0.9              0.9                0
             0.9              0.9                0
          0.9606           0.9606                0
           1.053            1.053                0
       5.105e+16       -5.105e+16                0
       9.608e+16        9.608e+16                0
       2.191e+22       -2.191e+22                0
        1.82e+36         1.82e+36                0


There are 5 eigenvalue(s) larger than 1 in modulus 
for 5 forward-looking variable(s)

The rank condition is verified.


MODEL SUMMARY

  Number of variables:         6
  Number of stochastic shocks: 2
  Number of state variables:   3
  Number of jumpers:           5
  Number of static variables:  0


MATRIX OF COVARIANCE OF EXOGENOUS SHOCKS
Variables       epsiz     epsit
epsiz        0.000052  0.000000
epsit        0.000000  0.000092

POLICY AND TRANSITION FUNCTIONS
                                   c               n               u               k               z           theta
Constant                    0.829272        0.333331        1.000000       10.540878               0               0
(correction)                0.000017       -0.000002               0       -0.000022               0               0
k(-1)                       0.045677       -0.002761       -0.000023        0.960620               0               0
z(-1)                      -0.000036       -0.000007       -0.000300        0.000021        0.900000               0
theta(-1)                   0.183119        0.079917        0.000353        0.931340               0        0.900000
epsiz                      -0.000040       -0.000007       -0.000333        0.000024        1.000000               0
epsit                       0.203466        0.088797        0.000392        1.034822               0        1.000000
k(-1),k(-1)                -0.000716        0.000100        0.000002       -0.000318               0               0
z(-1),k(-1)                -0.000001               0               0        0.000008               0               0
z(-1),z(-1)                -0.000012       -0.000004       -0.000135        0.000052               0               0
theta(-1),k(-1)             0.003840        0.001099       -0.000023        0.028940               0               0
theta(-1),z(-1)            -0.000018        0.000002               0       -0.000101               0               0
theta(-1),theta(-1)         0.056401       -0.008226        0.000175        0.496688               0               0
epsiz,epsiz                -0.000015       -0.000004       -0.000167        0.000064               0               0
epsit,epsiz                -0.000022        0.000002               0       -0.000125               0               0
epsit,epsit                 0.069631       -0.010155        0.000216        0.613195               0               0
k(-1),epsiz                -0.000001               0               0        0.000009               0               0
k(-1),epsit                 0.004267        0.001222       -0.000026        0.032155               0               0
z(-1),epsiz                -0.000027       -0.000008       -0.000300        0.000116               0               0
z(-1),epsit                -0.000020        0.000002               0       -0.000112               0               0
theta(-1),epsiz            -0.000020        0.000002               0       -0.000112               0               0
theta(-1),epsit             0.125337       -0.018280        0.000389        1.103751               0               0


APPROXIMATED THEORETICAL MOMENTS
VARIABLE         MEAN  STD. DEV.   VARIANCE
c              0.8297     0.0166     0.0003
n              0.3333     0.0017     0.0000
u              1.0000     0.0000     0.0000
k             10.5499     0.3043     0.0926
z              0.0000     0.0165     0.0003
theta         -0.0000     0.0220     0.0005



APPROXIMATED VARIANCE DECOMPOSITION (in percent)
          epsiz   epsit
c          0.00  100.00
n          0.00  100.00
u         32.36   67.64
k          0.00  100.00
z        100.00    0.00
theta      0.00  100.00



APPROXIMATED MATRIX OF CORRELATIONS
Variables         c       n       u       k       z   theta
c            1.0000  0.3095 -0.0870  0.9853 -0.0000  0.6870
n            0.3095  1.0000  0.7508  0.1428 -0.0001  0.9036
u           -0.0870  0.7508  1.0000 -0.2253 -0.5688  0.5345
k            0.9853  0.1428 -0.2253  1.0000  0.0000  0.5529
z           -0.0000 -0.0001 -0.5688  0.0000  1.0000  0.0000
theta        0.6870  0.9036  0.5345  0.5529  0.0000  1.0000



APPROXIMATED COEFFICIENTS OF AUTOCORRELATION
Order          1       2       3       4       5
c         0.9925  0.9821  0.9692  0.9542  0.9376
n         0.8642  0.7435  0.6361  0.5408  0.4563
u         0.8832  0.7788  0.6854  0.6020  0.5275
k         0.9979  0.9921  0.9832  0.9717  0.9579
z         0.9000  0.8100  0.7290  0.6561  0.5905
theta     0.9000  0.8100  0.7290  0.6561  0.5905
Total computing time : 0h00m03s
